{"/Users/daniel/Documents/USF/USFCode/USF-bootcamp/35-cumulative_project_2_jobly/express-jobly/app.js": {"path":"/Users/daniel/Documents/USF/USFCode/USF-bootcamp/35-cumulative_project_2_jobly/express-jobly/app.js","statementMap":{"0":{"start":{"line":5,"column":16},"end":{"line":5,"column":34}},"1":{"start":{"line":6,"column":13},"end":{"line":6,"column":28}},"2":{"start":{"line":8,"column":26},"end":{"line":8,"column":51}},"3":{"start":{"line":10,"column":28},"end":{"line":10,"column":56}},"4":{"start":{"line":11,"column":19},"end":{"line":11,"column":43}},"5":{"start":{"line":12,"column":24},"end":{"line":12,"column":53}},"6":{"start":{"line":13,"column":20},"end":{"line":13,"column":45}},"7":{"start":{"line":15,"column":15},"end":{"line":15,"column":32}},"8":{"start":{"line":17,"column":12},"end":{"line":17,"column":21}},"9":{"start":{"line":19,"column":0},"end":{"line":19,"column":16}},"10":{"start":{"line":20,"column":0},"end":{"line":20,"column":24}},"11":{"start":{"line":21,"column":0},"end":{"line":21,"column":24}},"12":{"start":{"line":22,"column":0},"end":{"line":22,"column":25}},"13":{"start":{"line":24,"column":0},"end":{"line":24,"column":29}},"14":{"start":{"line":25,"column":0},"end":{"line":25,"column":39}},"15":{"start":{"line":26,"column":0},"end":{"line":26,"column":31}},"16":{"start":{"line":30,"column":0},"end":{"line":32,"column":3}},"17":{"start":{"line":31,"column":2},"end":{"line":31,"column":35}},"18":{"start":{"line":35,"column":0},"end":{"line":43,"column":3}},"19":{"start":{"line":36,"column":2},"end":{"line":36,"column":64}},"20":{"start":{"line":36,"column":39},"end":{"line":36,"column":64}},"21":{"start":{"line":37,"column":17},"end":{"line":37,"column":34}},"22":{"start":{"line":38,"column":18},"end":{"line":38,"column":29}},"23":{"start":{"line":40,"column":2},"end":{"line":42,"column":5}},"24":{"start":{"line":45,"column":0},"end":{"line":45,"column":21}}},"fnMap":{"0":{"name":"(anonymous_0)","decl":{"start":{"line":30,"column":8},"end":{"line":30,"column":9}},"loc":{"start":{"line":30,"column":34},"end":{"line":32,"column":1}},"line":30},"1":{"name":"(anonymous_1)","decl":{"start":{"line":35,"column":8},"end":{"line":35,"column":9}},"loc":{"start":{"line":35,"column":39},"end":{"line":43,"column":1}},"line":35}},"branchMap":{"0":{"loc":{"start":{"line":36,"column":2},"end":{"line":36,"column":64}},"type":"if","locations":[{"start":{"line":36,"column":2},"end":{"line":36,"column":64}},{"start":{},"end":{}}],"line":36},"1":{"loc":{"start":{"line":37,"column":17},"end":{"line":37,"column":34}},"type":"binary-expr","locations":[{"start":{"line":37,"column":17},"end":{"line":37,"column":27}},{"start":{"line":37,"column":31},"end":{"line":37,"column":34}}],"line":37}},"s":{"0":4,"1":4,"2":4,"3":4,"4":4,"5":4,"6":4,"7":4,"8":4,"9":4,"10":4,"11":4,"12":4,"13":4,"14":4,"15":4,"16":4,"17":2,"18":4,"19":30,"20":1,"21":30,"22":30,"23":30,"24":4},"f":{"0":2,"1":30},"b":{"0":[1,29],"1":[30,2]},"_coverageSchema":"1a1c01bbd47fc00a2c39e90264f33305004495a9","hash":"b9106059fdbddb0053de792cc58cc39262b8917a"}
,"/Users/daniel/Documents/USF/USFCode/USF-bootcamp/35-cumulative_project_2_jobly/express-jobly/config.js": {"path":"/Users/daniel/Documents/USF/USFCode/USF-bootcamp/35-cumulative_project_2_jobly/express-jobly/config.js","statementMap":{"0":{"start":{"line":5,"column":0},"end":{"line":5,"column":27}},"1":{"start":{"line":6,"column":0},"end":{"line":6,"column":18}},"2":{"start":{"line":8,"column":19},"end":{"line":8,"column":57}},"3":{"start":{"line":10,"column":13},"end":{"line":10,"column":38}},"4":{"start":{"line":14,"column":2},"end":{"line":16,"column":58}},"5":{"start":{"line":22,"column":27},"end":{"line":22,"column":67}},"6":{"start":{"line":24,"column":0},"end":{"line":24,"column":35}},"7":{"start":{"line":25,"column":0},"end":{"line":25,"column":46}},"8":{"start":{"line":26,"column":0},"end":{"line":26,"column":45}},"9":{"start":{"line":27,"column":0},"end":{"line":27,"column":61}},"10":{"start":{"line":28,"column":0},"end":{"line":28,"column":50}},"11":{"start":{"line":29,"column":0},"end":{"line":29,"column":19}},"12":{"start":{"line":31,"column":0},"end":{"line":36,"column":2}}},"fnMap":{"0":{"name":"getDatabaseUri","decl":{"start":{"line":13,"column":9},"end":{"line":13,"column":23}},"loc":{"start":{"line":13,"column":26},"end":{"line":17,"column":1}},"line":13}},"branchMap":{"0":{"loc":{"start":{"line":8,"column":19},"end":{"line":8,"column":57}},"type":"binary-expr","locations":[{"start":{"line":8,"column":19},"end":{"line":8,"column":41}},{"start":{"line":8,"column":45},"end":{"line":8,"column":57}}],"line":8},"1":{"loc":{"start":{"line":10,"column":13},"end":{"line":10,"column":38}},"type":"binary-expr","locations":[{"start":{"line":10,"column":13},"end":{"line":10,"column":30}},{"start":{"line":10,"column":34},"end":{"line":10,"column":38}}],"line":10},"2":{"loc":{"start":{"line":14,"column":9},"end":{"line":16,"column":57}},"type":"cond-expr","locations":[{"start":{"line":15,"column":8},"end":{"line":15,"column":34}},{"start":{"line":16,"column":8},"end":{"line":16,"column":57}}],"line":14},"3":{"loc":{"start":{"line":16,"column":8},"end":{"line":16,"column":57}},"type":"binary-expr","locations":[{"start":{"line":16,"column":8},"end":{"line":16,"column":32}},{"start":{"line":16,"column":36},"end":{"line":16,"column":57}}],"line":16},"4":{"loc":{"start":{"line":22,"column":27},"end":{"line":22,"column":67}},"type":"cond-expr","locations":[{"start":{"line":22,"column":61},"end":{"line":22,"column":62}},{"start":{"line":22,"column":65},"end":{"line":22,"column":67}}],"line":22}},"s":{"0":9,"1":9,"2":9,"3":9,"4":17,"5":9,"6":9,"7":9,"8":9,"9":9,"10":9,"11":9,"12":9},"f":{"0":17},"b":{"0":[9,8],"1":[9,8],"2":[14,3],"3":[3,1],"4":[8,1]},"_coverageSchema":"1a1c01bbd47fc00a2c39e90264f33305004495a9","hash":"ed1427b7a112b384c49894f949b96f503ebe611b"}
,"/Users/daniel/Documents/USF/USFCode/USF-bootcamp/35-cumulative_project_2_jobly/express-jobly/db.js": {"path":"/Users/daniel/Documents/USF/USFCode/USF-bootcamp/35-cumulative_project_2_jobly/express-jobly/db.js","statementMap":{"0":{"start":{"line":3,"column":19},"end":{"line":3,"column":32}},"1":{"start":{"line":4,"column":27},"end":{"line":4,"column":46}},"2":{"start":{"line":8,"column":0},"end":{"line":19,"column":1}},"3":{"start":{"line":9,"column":2},"end":{"line":14,"column":5}},"4":{"start":{"line":16,"column":2},"end":{"line":18,"column":5}},"5":{"start":{"line":21,"column":0},"end":{"line":21,"column":13}},"6":{"start":{"line":23,"column":0},"end":{"line":23,"column":20}}},"fnMap":{},"branchMap":{"0":{"loc":{"start":{"line":8,"column":0},"end":{"line":19,"column":1}},"type":"if","locations":[{"start":{"line":8,"column":0},"end":{"line":19,"column":1}},{"start":{"line":15,"column":7},"end":{"line":19,"column":1}}],"line":8}},"s":{"0":6,"1":6,"2":6,"3":0,"4":6,"5":6,"6":6},"f":{},"b":{"0":[0,6]},"_coverageSchema":"1a1c01bbd47fc00a2c39e90264f33305004495a9","hash":"ee46ded4d65c88507fb5a11cd6e4dbbbd4dd8896"}
,"/Users/daniel/Documents/USF/USFCode/USF-bootcamp/35-cumulative_project_2_jobly/express-jobly/expressError.js": {"path":"/Users/daniel/Documents/USF/USFCode/USF-bootcamp/35-cumulative_project_2_jobly/express-jobly/expressError.js","statementMap":{"0":{"start":{"line":9,"column":4},"end":{"line":9,"column":12}},"1":{"start":{"line":10,"column":4},"end":{"line":10,"column":27}},"2":{"start":{"line":11,"column":4},"end":{"line":11,"column":25}},"3":{"start":{"line":19,"column":4},"end":{"line":19,"column":24}},"4":{"start":{"line":27,"column":4},"end":{"line":27,"column":24}},"5":{"start":{"line":35,"column":4},"end":{"line":35,"column":24}},"6":{"start":{"line":43,"column":4},"end":{"line":43,"column":24}},"7":{"start":{"line":47,"column":0},"end":{"line":53,"column":2}}},"fnMap":{"0":{"name":"(anonymous_0)","decl":{"start":{"line":8,"column":2},"end":{"line":8,"column":3}},"loc":{"start":{"line":8,"column":31},"end":{"line":12,"column":3}},"line":8},"1":{"name":"(anonymous_1)","decl":{"start":{"line":18,"column":2},"end":{"line":18,"column":3}},"loc":{"start":{"line":18,"column":37},"end":{"line":20,"column":3}},"line":18},"2":{"name":"(anonymous_2)","decl":{"start":{"line":26,"column":2},"end":{"line":26,"column":3}},"loc":{"start":{"line":26,"column":40},"end":{"line":28,"column":3}},"line":26},"3":{"name":"(anonymous_3)","decl":{"start":{"line":34,"column":2},"end":{"line":34,"column":3}},"loc":{"start":{"line":34,"column":39},"end":{"line":36,"column":3}},"line":34},"4":{"name":"(anonymous_4)","decl":{"start":{"line":42,"column":2},"end":{"line":42,"column":3}},"loc":{"start":{"line":42,"column":39},"end":{"line":44,"column":3}},"line":42}},"branchMap":{"0":{"loc":{"start":{"line":18,"column":14},"end":{"line":18,"column":35}},"type":"default-arg","locations":[{"start":{"line":18,"column":24},"end":{"line":18,"column":35}}],"line":18},"1":{"loc":{"start":{"line":26,"column":14},"end":{"line":26,"column":38}},"type":"default-arg","locations":[{"start":{"line":26,"column":24},"end":{"line":26,"column":38}}],"line":26},"2":{"loc":{"start":{"line":34,"column":14},"end":{"line":34,"column":37}},"type":"default-arg","locations":[{"start":{"line":34,"column":24},"end":{"line":34,"column":37}}],"line":34},"3":{"loc":{"start":{"line":42,"column":14},"end":{"line":42,"column":37}},"type":"default-arg","locations":[{"start":{"line":42,"column":24},"end":{"line":42,"column":37}}],"line":42}},"s":{"0":41,"1":41,"2":41,"3":14,"4":12,"5":15,"6":0,"7":7},"f":{"0":41,"1":14,"2":12,"3":15,"4":0},"b":{"0":[2],"1":[8],"2":[0],"3":[0]},"_coverageSchema":"1a1c01bbd47fc00a2c39e90264f33305004495a9","hash":"f3cf59e72da6c81358d2b5c9f697b211b9008610"}
,"/Users/daniel/Documents/USF/USFCode/USF-bootcamp/35-cumulative_project_2_jobly/express-jobly/helpers/sql.js": {"path":"/Users/daniel/Documents/USF/USFCode/USF-bootcamp/35-cumulative_project_2_jobly/express-jobly/helpers/sql.js","statementMap":{"0":{"start":{"line":1,"column":28},"end":{"line":1,"column":54}},"1":{"start":{"line":6,"column":15},"end":{"line":6,"column":40}},"2":{"start":{"line":7,"column":2},"end":{"line":7,"column":62}},"3":{"start":{"line":7,"column":25},"end":{"line":7,"column":62}},"4":{"start":{"line":10,"column":15},"end":{"line":12,"column":3}},"5":{"start":{"line":11,"column":6},"end":{"line":11,"column":52}},"6":{"start":{"line":14,"column":2},"end":{"line":17,"column":4}},"7":{"start":{"line":20,"column":0},"end":{"line":20,"column":41}}},"fnMap":{"0":{"name":"sqlForPartialUpdate","decl":{"start":{"line":5,"column":9},"end":{"line":5,"column":28}},"loc":{"start":{"line":5,"column":52},"end":{"line":18,"column":1}},"line":5},"1":{"name":"(anonymous_1)","decl":{"start":{"line":10,"column":24},"end":{"line":10,"column":25}},"loc":{"start":{"line":11,"column":6},"end":{"line":11,"column":52}},"line":11}},"branchMap":{"0":{"loc":{"start":{"line":7,"column":2},"end":{"line":7,"column":62}},"type":"if","locations":[{"start":{"line":7,"column":2},"end":{"line":7,"column":62}},{"start":{},"end":{}}],"line":7},"1":{"loc":{"start":{"line":11,"column":10},"end":{"line":11,"column":37}},"type":"binary-expr","locations":[{"start":{"line":11,"column":10},"end":{"line":11,"column":26}},{"start":{"line":11,"column":30},"end":{"line":11,"column":37}}],"line":11}},"s":{"0":6,"1":13,"2":13,"3":2,"4":11,"5":23,"6":11,"7":6},"f":{"0":13,"1":23},"b":{"0":[2,11],"1":[23,11]},"_coverageSchema":"1a1c01bbd47fc00a2c39e90264f33305004495a9","hash":"495e26fea76fe03374fc2fa0596ed21fe2ebf9a9"}
,"/Users/daniel/Documents/USF/USFCode/USF-bootcamp/35-cumulative_project_2_jobly/express-jobly/helpers/tokens.js": {"path":"/Users/daniel/Documents/USF/USFCode/USF-bootcamp/35-cumulative_project_2_jobly/express-jobly/helpers/tokens.js","statementMap":{"0":{"start":{"line":1,"column":12},"end":{"line":1,"column":35}},"1":{"start":{"line":2,"column":23},"end":{"line":2,"column":43}},"2":{"start":{"line":7,"column":2},"end":{"line":8,"column":58}},"3":{"start":{"line":10,"column":16},"end":{"line":13,"column":3}},"4":{"start":{"line":15,"column":2},"end":{"line":15,"column":39}},"5":{"start":{"line":18,"column":0},"end":{"line":18,"column":33}}},"fnMap":{"0":{"name":"createToken","decl":{"start":{"line":6,"column":9},"end":{"line":6,"column":20}},"loc":{"start":{"line":6,"column":27},"end":{"line":16,"column":1}},"line":6}},"branchMap":{"0":{"loc":{"start":{"line":12,"column":13},"end":{"line":12,"column":34}},"type":"binary-expr","locations":[{"start":{"line":12,"column":13},"end":{"line":12,"column":25}},{"start":{"line":12,"column":29},"end":{"line":12,"column":34}}],"line":12}},"s":{"0":5,"1":5,"2":10,"3":10,"4":10,"5":5},"f":{"0":10},"b":{"0":[10,8]},"_coverageSchema":"1a1c01bbd47fc00a2c39e90264f33305004495a9","hash":"e5dec95496190d1aa500a4a8a41087c40d3d8bc5"}
,"/Users/daniel/Documents/USF/USFCode/USF-bootcamp/35-cumulative_project_2_jobly/express-jobly/middleware/auth.js": {"path":"/Users/daniel/Documents/USF/USFCode/USF-bootcamp/35-cumulative_project_2_jobly/express-jobly/middleware/auth.js","statementMap":{"0":{"start":{"line":5,"column":12},"end":{"line":5,"column":35}},"1":{"start":{"line":6,"column":23},"end":{"line":6,"column":43}},"2":{"start":{"line":7,"column":30},"end":{"line":7,"column":56}},"3":{"start":{"line":19,"column":2},"end":{"line":28,"column":3}},"4":{"start":{"line":20,"column":23},"end":{"line":20,"column":63}},"5":{"start":{"line":21,"column":4},"end":{"line":24,"column":5}},"6":{"start":{"line":22,"column":20},"end":{"line":22,"column":64}},"7":{"start":{"line":23,"column":6},"end":{"line":23,"column":54}},"8":{"start":{"line":25,"column":4},"end":{"line":25,"column":18}},"9":{"start":{"line":27,"column":4},"end":{"line":27,"column":18}},"10":{"start":{"line":37,"column":2},"end":{"line":42,"column":3}},"11":{"start":{"line":38,"column":4},"end":{"line":38,"column":56}},"12":{"start":{"line":38,"column":26},"end":{"line":38,"column":56}},"13":{"start":{"line":39,"column":4},"end":{"line":39,"column":18}},"14":{"start":{"line":41,"column":4},"end":{"line":41,"column":21}},"15":{"start":{"line":46,"column":0},"end":{"line":49,"column":2}}},"fnMap":{"0":{"name":"authenticateJWT","decl":{"start":{"line":18,"column":9},"end":{"line":18,"column":24}},"loc":{"start":{"line":18,"column":41},"end":{"line":29,"column":1}},"line":18},"1":{"name":"ensureLoggedIn","decl":{"start":{"line":36,"column":9},"end":{"line":36,"column":23}},"loc":{"start":{"line":36,"column":40},"end":{"line":43,"column":1}},"line":36}},"branchMap":{"0":{"loc":{"start":{"line":20,"column":23},"end":{"line":20,"column":63}},"type":"binary-expr","locations":[{"start":{"line":20,"column":23},"end":{"line":20,"column":34}},{"start":{"line":20,"column":38},"end":{"line":20,"column":63}}],"line":20},"1":{"loc":{"start":{"line":21,"column":4},"end":{"line":24,"column":5}},"type":"if","locations":[{"start":{"line":21,"column":4},"end":{"line":24,"column":5}},{"start":{},"end":{}}],"line":21},"2":{"loc":{"start":{"line":38,"column":4},"end":{"line":38,"column":56}},"type":"if","locations":[{"start":{"line":38,"column":4},"end":{"line":38,"column":56}},{"start":{},"end":{}}],"line":38}},"s":{"0":5,"1":5,"2":5,"3":48,"4":48,"5":48,"6":26,"7":26,"8":47,"9":1,"10":32,"11":32,"12":8,"13":24,"14":8,"15":5},"f":{"0":48,"1":32},"b":{"0":[48,47],"1":[26,22],"2":[8,24]},"_coverageSchema":"1a1c01bbd47fc00a2c39e90264f33305004495a9","hash":"563e9f01d315ca75d0b9c929384e0104e9fa17b7"}
,"/Users/daniel/Documents/USF/USFCode/USF-bootcamp/35-cumulative_project_2_jobly/express-jobly/models/_testCommon.js": {"path":"/Users/daniel/Documents/USF/USFCode/USF-bootcamp/35-cumulative_project_2_jobly/express-jobly/models/_testCommon.js","statementMap":{"0":{"start":{"line":1,"column":15},"end":{"line":1,"column":32}},"1":{"start":{"line":3,"column":11},"end":{"line":3,"column":30}},"2":{"start":{"line":4,"column":31},"end":{"line":4,"column":51}},"3":{"start":{"line":8,"column":2},"end":{"line":8,"column":42}},"4":{"start":{"line":10,"column":2},"end":{"line":10,"column":38}},"5":{"start":{"line":12,"column":2},"end":{"line":16,"column":55}},"6":{"start":{"line":18,"column":2},"end":{"line":30,"column":9}},"7":{"start":{"line":34,"column":2},"end":{"line":34,"column":26}},"8":{"start":{"line":38,"column":2},"end":{"line":38,"column":29}},"9":{"start":{"line":42,"column":2},"end":{"line":42,"column":17}},"10":{"start":{"line":46,"column":0},"end":{"line":51,"column":2}}},"fnMap":{"0":{"name":"commonBeforeAll","decl":{"start":{"line":6,"column":15},"end":{"line":6,"column":30}},"loc":{"start":{"line":6,"column":33},"end":{"line":31,"column":1}},"line":6},"1":{"name":"commonBeforeEach","decl":{"start":{"line":33,"column":15},"end":{"line":33,"column":31}},"loc":{"start":{"line":33,"column":34},"end":{"line":35,"column":1}},"line":33},"2":{"name":"commonAfterEach","decl":{"start":{"line":37,"column":15},"end":{"line":37,"column":30}},"loc":{"start":{"line":37,"column":33},"end":{"line":39,"column":1}},"line":37},"3":{"name":"commonAfterAll","decl":{"start":{"line":41,"column":15},"end":{"line":41,"column":29}},"loc":{"start":{"line":41,"column":32},"end":{"line":43,"column":1}},"line":41}},"branchMap":{},"s":{"0":2,"1":2,"2":2,"3":2,"4":2,"5":2,"6":2,"7":26,"8":26,"9":2,"10":2},"f":{"0":2,"1":26,"2":26,"3":2},"b":{},"_coverageSchema":"1a1c01bbd47fc00a2c39e90264f33305004495a9","hash":"cee1ab4a0a29949d8ae77e5b0e0ea8c6129cf1ae"}
,"/Users/daniel/Documents/USF/USFCode/USF-bootcamp/35-cumulative_project_2_jobly/express-jobly/models/company.js": {"path":"/Users/daniel/Documents/USF/USFCode/USF-bootcamp/35-cumulative_project_2_jobly/express-jobly/models/company.js","statementMap":{"0":{"start":{"line":3,"column":11},"end":{"line":3,"column":27}},"1":{"start":{"line":4,"column":43},"end":{"line":4,"column":69}},"2":{"start":{"line":5,"column":32},"end":{"line":5,"column":57}},"3":{"start":{"line":20,"column":27},"end":{"line":24,"column":17}},"4":{"start":{"line":26,"column":4},"end":{"line":27,"column":64}},"5":{"start":{"line":27,"column":6},"end":{"line":27,"column":64}},"6":{"start":{"line":29,"column":19},"end":{"line":41,"column":5}},"7":{"start":{"line":42,"column":20},"end":{"line":42,"column":34}},"8":{"start":{"line":44,"column":4},"end":{"line":44,"column":19}},"9":{"start":{"line":53,"column":25},"end":{"line":60,"column":26}},"10":{"start":{"line":61,"column":4},"end":{"line":61,"column":29}},"11":{"start":{"line":73,"column":23},"end":{"line":81,"column":17}},"12":{"start":{"line":83,"column":20},"end":{"line":83,"column":38}},"13":{"start":{"line":85,"column":4},"end":{"line":85,"column":67}},"14":{"start":{"line":85,"column":18},"end":{"line":85,"column":67}},"15":{"start":{"line":87,"column":4},"end":{"line":87,"column":19}},"16":{"start":{"line":103,"column":32},"end":{"line":108,"column":10}},"17":{"start":{"line":109,"column":25},"end":{"line":109,"column":50}},"18":{"start":{"line":111,"column":21},"end":{"line":118,"column":54}},"19":{"start":{"line":119,"column":19},"end":{"line":119,"column":64}},"20":{"start":{"line":120,"column":20},"end":{"line":120,"column":34}},"21":{"start":{"line":122,"column":4},"end":{"line":122,"column":67}},"22":{"start":{"line":122,"column":18},"end":{"line":122,"column":67}},"23":{"start":{"line":124,"column":4},"end":{"line":124,"column":19}},"24":{"start":{"line":133,"column":19},"end":{"line":138,"column":17}},"25":{"start":{"line":139,"column":20},"end":{"line":139,"column":34}},"26":{"start":{"line":141,"column":4},"end":{"line":141,"column":67}},"27":{"start":{"line":141,"column":18},"end":{"line":141,"column":67}},"28":{"start":{"line":146,"column":0},"end":{"line":146,"column":25}}},"fnMap":{"0":{"name":"(anonymous_0)","decl":{"start":{"line":19,"column":2},"end":{"line":19,"column":3}},"loc":{"start":{"line":19,"column":76},"end":{"line":45,"column":3}},"line":19},"1":{"name":"(anonymous_1)","decl":{"start":{"line":52,"column":2},"end":{"line":52,"column":3}},"loc":{"start":{"line":52,"column":25},"end":{"line":62,"column":3}},"line":52},"2":{"name":"(anonymous_2)","decl":{"start":{"line":72,"column":2},"end":{"line":72,"column":3}},"loc":{"start":{"line":72,"column":27},"end":{"line":88,"column":3}},"line":72},"3":{"name":"(anonymous_3)","decl":{"start":{"line":102,"column":2},"end":{"line":102,"column":3}},"loc":{"start":{"line":102,"column":36},"end":{"line":125,"column":3}},"line":102},"4":{"name":"(anonymous_4)","decl":{"start":{"line":132,"column":2},"end":{"line":132,"column":3}},"loc":{"start":{"line":132,"column":30},"end":{"line":142,"column":3}},"line":132}},"branchMap":{"0":{"loc":{"start":{"line":26,"column":4},"end":{"line":27,"column":64}},"type":"if","locations":[{"start":{"line":26,"column":4},"end":{"line":27,"column":64}},{"start":{},"end":{}}],"line":26},"1":{"loc":{"start":{"line":85,"column":4},"end":{"line":85,"column":67}},"type":"if","locations":[{"start":{"line":85,"column":4},"end":{"line":85,"column":67}},{"start":{},"end":{}}],"line":85},"2":{"loc":{"start":{"line":122,"column":4},"end":{"line":122,"column":67}},"type":"if","locations":[{"start":{"line":122,"column":4},"end":{"line":122,"column":67}},{"start":{},"end":{}}],"line":122},"3":{"loc":{"start":{"line":141,"column":4},"end":{"line":141,"column":67}},"type":"if","locations":[{"start":{"line":141,"column":4},"end":{"line":141,"column":67}},{"start":{},"end":{}}],"line":141}},"s":{"0":5,"1":5,"2":5,"3":13,"4":13,"5":1,"6":12,"7":12,"8":12,"9":3,"10":2,"11":5,"12":5,"13":5,"14":2,"15":3,"16":6,"17":5,"18":5,"19":5,"20":5,"21":5,"22":2,"23":3,"24":4,"25":4,"26":4,"27":2,"28":5},"f":{"0":13,"1":3,"2":5,"3":6,"4":4},"b":{"0":[1,12],"1":[2,3],"2":[2,3],"3":[2,2]},"_coverageSchema":"1a1c01bbd47fc00a2c39e90264f33305004495a9","hash":"f20e4139c8e296c1bdbd97a094adffa0e952ed70"}
,"/Users/daniel/Documents/USF/USFCode/USF-bootcamp/35-cumulative_project_2_jobly/express-jobly/models/user.js": {"path":"/Users/daniel/Documents/USF/USFCode/USF-bootcamp/35-cumulative_project_2_jobly/express-jobly/models/user.js","statementMap":{"0":{"start":{"line":3,"column":11},"end":{"line":3,"column":27}},"1":{"start":{"line":4,"column":15},"end":{"line":4,"column":32}},"2":{"start":{"line":5,"column":32},"end":{"line":5,"column":57}},"3":{"start":{"line":10,"column":4},"end":{"line":10,"column":30}},"4":{"start":{"line":12,"column":31},"end":{"line":12,"column":54}},"5":{"start":{"line":26,"column":19},"end":{"line":36,"column":5}},"6":{"start":{"line":38,"column":17},"end":{"line":38,"column":31}},"7":{"start":{"line":40,"column":4},"end":{"line":47,"column":5}},"8":{"start":{"line":42,"column":22},"end":{"line":42,"column":67}},"9":{"start":{"line":43,"column":6},"end":{"line":46,"column":7}},"10":{"start":{"line":44,"column":8},"end":{"line":44,"column":29}},"11":{"start":{"line":45,"column":8},"end":{"line":45,"column":20}},"12":{"start":{"line":49,"column":4},"end":{"line":49,"column":61}},"13":{"start":{"line":61,"column":27},"end":{"line":66,"column":5}},"14":{"start":{"line":68,"column":4},"end":{"line":70,"column":5}},"15":{"start":{"line":69,"column":6},"end":{"line":69,"column":67}},"16":{"start":{"line":72,"column":27},"end":{"line":72,"column":74}},"17":{"start":{"line":74,"column":19},"end":{"line":92,"column":5}},"18":{"start":{"line":94,"column":17},"end":{"line":94,"column":31}},"19":{"start":{"line":96,"column":4},"end":{"line":96,"column":16}},"20":{"start":{"line":105,"column":19},"end":{"line":113,"column":5}},"21":{"start":{"line":115,"column":4},"end":{"line":115,"column":23}},"22":{"start":{"line":127,"column":20},"end":{"line":136,"column":5}},"23":{"start":{"line":138,"column":17},"end":{"line":138,"column":32}},"24":{"start":{"line":140,"column":4},"end":{"line":140,"column":63}},"25":{"start":{"line":140,"column":15},"end":{"line":140,"column":63}},"26":{"start":{"line":142,"column":4},"end":{"line":142,"column":16}},"27":{"start":{"line":163,"column":4},"end":{"line":165,"column":5}},"28":{"start":{"line":164,"column":6},"end":{"line":164,"column":75}},"29":{"start":{"line":167,"column":32},"end":{"line":173,"column":10}},"30":{"start":{"line":174,"column":27},"end":{"line":174,"column":52}},"31":{"start":{"line":176,"column":21},"end":{"line":183,"column":54}},"32":{"start":{"line":184,"column":19},"end":{"line":184,"column":66}},"33":{"start":{"line":185,"column":17},"end":{"line":185,"column":31}},"34":{"start":{"line":187,"column":4},"end":{"line":187,"column":63}},"35":{"start":{"line":187,"column":15},"end":{"line":187,"column":63}},"36":{"start":{"line":189,"column":4},"end":{"line":189,"column":25}},"37":{"start":{"line":190,"column":4},"end":{"line":190,"column":16}},"38":{"start":{"line":196,"column":17},"end":{"line":202,"column":5}},"39":{"start":{"line":203,"column":17},"end":{"line":203,"column":31}},"40":{"start":{"line":205,"column":4},"end":{"line":205,"column":63}},"41":{"start":{"line":205,"column":15},"end":{"line":205,"column":63}},"42":{"start":{"line":210,"column":0},"end":{"line":210,"column":22}}},"fnMap":{"0":{"name":"(anonymous_0)","decl":{"start":{"line":24,"column":2},"end":{"line":24,"column":3}},"loc":{"start":{"line":24,"column":48},"end":{"line":50,"column":3}},"line":24},"1":{"name":"(anonymous_1)","decl":{"start":{"line":59,"column":2},"end":{"line":59,"column":3}},"loc":{"start":{"line":60,"column":67},"end":{"line":97,"column":3}},"line":60},"2":{"name":"(anonymous_2)","decl":{"start":{"line":104,"column":2},"end":{"line":104,"column":3}},"loc":{"start":{"line":104,"column":25},"end":{"line":116,"column":3}},"line":104},"3":{"name":"(anonymous_3)","decl":{"start":{"line":126,"column":2},"end":{"line":126,"column":3}},"loc":{"start":{"line":126,"column":29},"end":{"line":143,"column":3}},"line":126},"4":{"name":"(anonymous_4)","decl":{"start":{"line":162,"column":2},"end":{"line":162,"column":3}},"loc":{"start":{"line":162,"column":38},"end":{"line":191,"column":3}},"line":162},"5":{"name":"(anonymous_5)","decl":{"start":{"line":195,"column":2},"end":{"line":195,"column":3}},"loc":{"start":{"line":195,"column":32},"end":{"line":206,"column":3}},"line":195}},"branchMap":{"0":{"loc":{"start":{"line":40,"column":4},"end":{"line":47,"column":5}},"type":"if","locations":[{"start":{"line":40,"column":4},"end":{"line":47,"column":5}},{"start":{},"end":{}}],"line":40},"1":{"loc":{"start":{"line":43,"column":6},"end":{"line":46,"column":7}},"type":"if","locations":[{"start":{"line":43,"column":6},"end":{"line":46,"column":7}},{"start":{},"end":{}}],"line":43},"2":{"loc":{"start":{"line":68,"column":4},"end":{"line":70,"column":5}},"type":"if","locations":[{"start":{"line":68,"column":4},"end":{"line":70,"column":5}},{"start":{},"end":{}}],"line":68},"3":{"loc":{"start":{"line":140,"column":4},"end":{"line":140,"column":63}},"type":"if","locations":[{"start":{"line":140,"column":4},"end":{"line":140,"column":63}},{"start":{},"end":{}}],"line":140},"4":{"loc":{"start":{"line":163,"column":4},"end":{"line":165,"column":5}},"type":"if","locations":[{"start":{"line":163,"column":4},"end":{"line":165,"column":5}},{"start":{},"end":{}}],"line":163},"5":{"loc":{"start":{"line":187,"column":4},"end":{"line":187,"column":63}},"type":"if","locations":[{"start":{"line":187,"column":4},"end":{"line":187,"column":63}},{"start":{},"end":{}}],"line":187},"6":{"loc":{"start":{"line":205,"column":4},"end":{"line":205,"column":63}},"type":"if","locations":[{"start":{"line":205,"column":4},"end":{"line":205,"column":63}},{"start":{},"end":{}}],"line":205}},"s":{"0":5,"1":5,"2":5,"3":5,"4":5,"5":7,"6":7,"7":7,"8":4,"9":4,"10":3,"11":3,"12":4,"13":16,"14":16,"15":1,"16":15,"17":15,"18":15,"19":15,"20":3,"21":2,"22":4,"23":4,"24":4,"25":2,"26":2,"27":7,"28":2,"29":7,"30":6,"31":6,"32":6,"33":6,"34":6,"35":2,"36":4,"37":4,"38":4,"39":4,"40":4,"41":2,"42":5},"f":{"0":7,"1":16,"2":3,"3":4,"4":7,"5":4},"b":{"0":[4,3],"1":[3,1],"2":[1,15],"3":[2,2],"4":[2,5],"5":[2,4],"6":[2,2]},"_coverageSchema":"1a1c01bbd47fc00a2c39e90264f33305004495a9","hash":"9c0732439944e9ef1f8b7fc4184e899478821f15"}
,"/Users/daniel/Documents/USF/USFCode/USF-bootcamp/35-cumulative_project_2_jobly/express-jobly/routes/_testCommon.js": {"path":"/Users/daniel/Documents/USF/USFCode/USF-bootcamp/35-cumulative_project_2_jobly/express-jobly/routes/_testCommon.js","statementMap":{"0":{"start":{"line":3,"column":11},"end":{"line":3,"column":30}},"1":{"start":{"line":4,"column":13},"end":{"line":4,"column":38}},"2":{"start":{"line":5,"column":16},"end":{"line":5,"column":44}},"3":{"start":{"line":6,"column":24},"end":{"line":6,"column":52}},"4":{"start":{"line":10,"column":2},"end":{"line":10,"column":38}},"5":{"start":{"line":12,"column":2},"end":{"line":12,"column":42}},"6":{"start":{"line":14,"column":2},"end":{"line":21,"column":9}},"7":{"start":{"line":22,"column":2},"end":{"line":29,"column":9}},"8":{"start":{"line":30,"column":2},"end":{"line":37,"column":9}},"9":{"start":{"line":39,"column":2},"end":{"line":46,"column":5}},"10":{"start":{"line":47,"column":2},"end":{"line":54,"column":5}},"11":{"start":{"line":55,"column":2},"end":{"line":62,"column":5}},"12":{"start":{"line":66,"column":2},"end":{"line":66,"column":26}},"13":{"start":{"line":70,"column":2},"end":{"line":70,"column":29}},"14":{"start":{"line":74,"column":2},"end":{"line":74,"column":17}},"15":{"start":{"line":78,"column":16},"end":{"line":78,"column":63}},"16":{"start":{"line":81,"column":0},"end":{"line":87,"column":2}}},"fnMap":{"0":{"name":"commonBeforeAll","decl":{"start":{"line":8,"column":15},"end":{"line":8,"column":30}},"loc":{"start":{"line":8,"column":33},"end":{"line":63,"column":1}},"line":8},"1":{"name":"commonBeforeEach","decl":{"start":{"line":65,"column":15},"end":{"line":65,"column":31}},"loc":{"start":{"line":65,"column":34},"end":{"line":67,"column":1}},"line":65},"2":{"name":"commonAfterEach","decl":{"start":{"line":69,"column":15},"end":{"line":69,"column":30}},"loc":{"start":{"line":69,"column":33},"end":{"line":71,"column":1}},"line":69},"3":{"name":"commonAfterAll","decl":{"start":{"line":73,"column":15},"end":{"line":73,"column":29}},"loc":{"start":{"line":73,"column":32},"end":{"line":75,"column":1}},"line":73}},"branchMap":{},"s":{"0":3,"1":3,"2":3,"3":3,"4":3,"5":3,"6":3,"7":3,"8":3,"9":3,"10":3,"11":3,"12":43,"13":43,"14":3,"15":3,"16":3},"f":{"0":3,"1":43,"2":43,"3":3},"b":{},"_coverageSchema":"1a1c01bbd47fc00a2c39e90264f33305004495a9","hash":"c246761bd2f09138fcbf00e0f0ffa83d7e8c5e80"}
,"/Users/daniel/Documents/USF/USFCode/USF-bootcamp/35-cumulative_project_2_jobly/express-jobly/routes/auth.js": {"path":"/Users/daniel/Documents/USF/USFCode/USF-bootcamp/35-cumulative_project_2_jobly/express-jobly/routes/auth.js","statementMap":{"0":{"start":{"line":5,"column":19},"end":{"line":5,"column":40}},"1":{"start":{"line":7,"column":13},"end":{"line":7,"column":38}},"2":{"start":{"line":8,"column":16},"end":{"line":8,"column":34}},"3":{"start":{"line":9,"column":15},"end":{"line":9,"column":35}},"4":{"start":{"line":10,"column":24},"end":{"line":10,"column":52}},"5":{"start":{"line":11,"column":23},"end":{"line":11,"column":58}},"6":{"start":{"line":12,"column":27},"end":{"line":12,"column":66}},"7":{"start":{"line":13,"column":28},"end":{"line":13,"column":54}},"8":{"start":{"line":22,"column":0},"end":{"line":37,"column":3}},"9":{"start":{"line":23,"column":2},"end":{"line":36,"column":3}},"10":{"start":{"line":24,"column":22},"end":{"line":24,"column":67}},"11":{"start":{"line":25,"column":4},"end":{"line":28,"column":5}},"12":{"start":{"line":26,"column":19},"end":{"line":26,"column":53}},"13":{"start":{"line":26,"column":45},"end":{"line":26,"column":52}},"14":{"start":{"line":27,"column":6},"end":{"line":27,"column":38}},"15":{"start":{"line":30,"column":35},"end":{"line":30,"column":43}},"16":{"start":{"line":31,"column":17},"end":{"line":31,"column":60}},"17":{"start":{"line":32,"column":18},"end":{"line":32,"column":35}},"18":{"start":{"line":33,"column":4},"end":{"line":33,"column":31}},"19":{"start":{"line":35,"column":4},"end":{"line":35,"column":21}},"20":{"start":{"line":49,"column":0},"end":{"line":63,"column":3}},"21":{"start":{"line":50,"column":2},"end":{"line":62,"column":3}},"22":{"start":{"line":51,"column":22},"end":{"line":51,"column":71}},"23":{"start":{"line":52,"column":4},"end":{"line":55,"column":5}},"24":{"start":{"line":53,"column":19},"end":{"line":53,"column":53}},"25":{"start":{"line":53,"column":45},"end":{"line":53,"column":52}},"26":{"start":{"line":54,"column":6},"end":{"line":54,"column":38}},"27":{"start":{"line":57,"column":20},"end":{"line":57,"column":72}},"28":{"start":{"line":58,"column":18},"end":{"line":58,"column":38}},"29":{"start":{"line":59,"column":4},"end":{"line":59,"column":43}},"30":{"start":{"line":61,"column":4},"end":{"line":61,"column":21}},"31":{"start":{"line":66,"column":0},"end":{"line":66,"column":24}}},"fnMap":{"0":{"name":"(anonymous_0)","decl":{"start":{"line":22,"column":22},"end":{"line":22,"column":23}},"loc":{"start":{"line":22,"column":54},"end":{"line":37,"column":1}},"line":22},"1":{"name":"(anonymous_1)","decl":{"start":{"line":26,"column":40},"end":{"line":26,"column":41}},"loc":{"start":{"line":26,"column":45},"end":{"line":26,"column":52}},"line":26},"2":{"name":"(anonymous_2)","decl":{"start":{"line":49,"column":25},"end":{"line":49,"column":26}},"loc":{"start":{"line":49,"column":57},"end":{"line":63,"column":1}},"line":49},"3":{"name":"(anonymous_3)","decl":{"start":{"line":53,"column":40},"end":{"line":53,"column":41}},"loc":{"start":{"line":53,"column":45},"end":{"line":53,"column":52}},"line":53}},"branchMap":{"0":{"loc":{"start":{"line":25,"column":4},"end":{"line":28,"column":5}},"type":"if","locations":[{"start":{"line":25,"column":4},"end":{"line":28,"column":5}},{"start":{},"end":{}}],"line":25},"1":{"loc":{"start":{"line":52,"column":4},"end":{"line":55,"column":5}},"type":"if","locations":[{"start":{"line":52,"column":4},"end":{"line":55,"column":5}},{"start":{},"end":{}}],"line":52}},"s":{"0":4,"1":4,"2":4,"3":4,"4":4,"5":4,"6":4,"7":4,"8":4,"9":5,"10":5,"11":5,"12":2,"13":2,"14":2,"15":3,"16":3,"17":1,"18":1,"19":4,"20":4,"21":3,"22":3,"23":3,"24":2,"25":5,"26":2,"27":1,"28":1,"29":1,"30":2,"31":4},"f":{"0":5,"1":2,"2":3,"3":5},"b":{"0":[2,3],"1":[2,1]},"_coverageSchema":"1a1c01bbd47fc00a2c39e90264f33305004495a9","hash":"aef8477d10d670829e33c62a511648930af0e942"}
,"/Users/daniel/Documents/USF/USFCode/USF-bootcamp/35-cumulative_project_2_jobly/express-jobly/routes/companies.js": {"path":"/Users/daniel/Documents/USF/USFCode/USF-bootcamp/35-cumulative_project_2_jobly/express-jobly/routes/companies.js","statementMap":{"0":{"start":{"line":5,"column":19},"end":{"line":5,"column":40}},"1":{"start":{"line":6,"column":16},"end":{"line":6,"column":34}},"2":{"start":{"line":8,"column":28},"end":{"line":8,"column":54}},"3":{"start":{"line":9,"column":27},"end":{"line":9,"column":56}},"4":{"start":{"line":10,"column":16},"end":{"line":10,"column":44}},"5":{"start":{"line":12,"column":25},"end":{"line":12,"column":62}},"6":{"start":{"line":13,"column":28},"end":{"line":13,"column":68}},"7":{"start":{"line":15,"column":15},"end":{"line":15,"column":35}},"8":{"start":{"line":27,"column":0},"end":{"line":40,"column":3}},"9":{"start":{"line":28,"column":2},"end":{"line":39,"column":3}},"10":{"start":{"line":29,"column":22},"end":{"line":29,"column":69}},"11":{"start":{"line":30,"column":4},"end":{"line":33,"column":5}},"12":{"start":{"line":31,"column":19},"end":{"line":31,"column":53}},"13":{"start":{"line":31,"column":45},"end":{"line":31,"column":52}},"14":{"start":{"line":32,"column":6},"end":{"line":32,"column":38}},"15":{"start":{"line":35,"column":20},"end":{"line":35,"column":50}},"16":{"start":{"line":36,"column":4},"end":{"line":36,"column":45}},"17":{"start":{"line":38,"column":4},"end":{"line":38,"column":21}},"18":{"start":{"line":53,"column":0},"end":{"line":60,"column":3}},"19":{"start":{"line":54,"column":2},"end":{"line":59,"column":3}},"20":{"start":{"line":55,"column":22},"end":{"line":55,"column":45}},"21":{"start":{"line":56,"column":4},"end":{"line":56,"column":35}},"22":{"start":{"line":58,"column":4},"end":{"line":58,"column":21}},"23":{"start":{"line":70,"column":0},"end":{"line":77,"column":3}},"24":{"start":{"line":71,"column":2},"end":{"line":76,"column":3}},"25":{"start":{"line":72,"column":20},"end":{"line":72,"column":56}},"26":{"start":{"line":73,"column":4},"end":{"line":73,"column":33}},"27":{"start":{"line":75,"column":4},"end":{"line":75,"column":21}},"28":{"start":{"line":90,"column":0},"end":{"line":103,"column":3}},"29":{"start":{"line":91,"column":2},"end":{"line":102,"column":3}},"30":{"start":{"line":92,"column":22},"end":{"line":92,"column":72}},"31":{"start":{"line":93,"column":4},"end":{"line":96,"column":5}},"32":{"start":{"line":94,"column":19},"end":{"line":94,"column":53}},"33":{"start":{"line":94,"column":45},"end":{"line":94,"column":52}},"34":{"start":{"line":95,"column":6},"end":{"line":95,"column":38}},"35":{"start":{"line":98,"column":20},"end":{"line":98,"column":69}},"36":{"start":{"line":99,"column":4},"end":{"line":99,"column":33}},"37":{"start":{"line":101,"column":4},"end":{"line":101,"column":21}},"38":{"start":{"line":110,"column":0},"end":{"line":117,"column":3}},"39":{"start":{"line":111,"column":2},"end":{"line":116,"column":3}},"40":{"start":{"line":112,"column":4},"end":{"line":112,"column":44}},"41":{"start":{"line":113,"column":4},"end":{"line":113,"column":52}},"42":{"start":{"line":115,"column":4},"end":{"line":115,"column":21}},"43":{"start":{"line":120,"column":0},"end":{"line":120,"column":24}}},"fnMap":{"0":{"name":"(anonymous_0)","decl":{"start":{"line":27,"column":33},"end":{"line":27,"column":34}},"loc":{"start":{"line":27,"column":65},"end":{"line":40,"column":1}},"line":27},"1":{"name":"(anonymous_1)","decl":{"start":{"line":31,"column":40},"end":{"line":31,"column":41}},"loc":{"start":{"line":31,"column":45},"end":{"line":31,"column":52}},"line":31},"2":{"name":"(anonymous_2)","decl":{"start":{"line":53,"column":16},"end":{"line":53,"column":17}},"loc":{"start":{"line":53,"column":48},"end":{"line":60,"column":1}},"line":53},"3":{"name":"(anonymous_3)","decl":{"start":{"line":70,"column":23},"end":{"line":70,"column":24}},"loc":{"start":{"line":70,"column":55},"end":{"line":77,"column":1}},"line":70},"4":{"name":"(anonymous_4)","decl":{"start":{"line":90,"column":41},"end":{"line":90,"column":42}},"loc":{"start":{"line":90,"column":73},"end":{"line":103,"column":1}},"line":90},"5":{"name":"(anonymous_5)","decl":{"start":{"line":94,"column":40},"end":{"line":94,"column":41}},"loc":{"start":{"line":94,"column":45},"end":{"line":94,"column":52}},"line":94},"6":{"name":"(anonymous_6)","decl":{"start":{"line":110,"column":42},"end":{"line":110,"column":43}},"loc":{"start":{"line":110,"column":74},"end":{"line":117,"column":1}},"line":110}},"branchMap":{"0":{"loc":{"start":{"line":30,"column":4},"end":{"line":33,"column":5}},"type":"if","locations":[{"start":{"line":30,"column":4},"end":{"line":33,"column":5}},{"start":{},"end":{}}],"line":30},"1":{"loc":{"start":{"line":93,"column":4},"end":{"line":96,"column":5}},"type":"if","locations":[{"start":{"line":93,"column":4},"end":{"line":96,"column":5}},{"start":{},"end":{}}],"line":93}},"s":{"0":4,"1":4,"2":4,"3":4,"4":4,"5":4,"6":4,"7":4,"8":4,"9":3,"10":3,"11":3,"12":2,"13":3,"14":2,"15":1,"16":1,"17":2,"18":4,"19":2,"20":2,"21":1,"22":1,"23":4,"24":3,"25":3,"26":2,"27":1,"28":4,"29":4,"30":4,"31":4,"32":2,"33":2,"34":2,"35":2,"36":1,"37":3,"38":4,"39":2,"40":2,"41":1,"42":1,"43":4},"f":{"0":3,"1":3,"2":2,"3":3,"4":4,"5":2,"6":2},"b":{"0":[2,1],"1":[2,2]},"_coverageSchema":"1a1c01bbd47fc00a2c39e90264f33305004495a9","hash":"4eff9394cdd4c9cbfeb4dfa3679d8648cb8b00a7"}
,"/Users/daniel/Documents/USF/USFCode/USF-bootcamp/35-cumulative_project_2_jobly/express-jobly/routes/users.js": {"path":"/Users/daniel/Documents/USF/USFCode/USF-bootcamp/35-cumulative_project_2_jobly/express-jobly/routes/users.js","statementMap":{"0":{"start":{"line":5,"column":19},"end":{"line":5,"column":40}},"1":{"start":{"line":7,"column":16},"end":{"line":7,"column":34}},"2":{"start":{"line":8,"column":27},"end":{"line":8,"column":56}},"3":{"start":{"line":9,"column":28},"end":{"line":9,"column":54}},"4":{"start":{"line":10,"column":13},"end":{"line":10,"column":38}},"5":{"start":{"line":11,"column":24},"end":{"line":11,"column":52}},"6":{"start":{"line":12,"column":22},"end":{"line":12,"column":56}},"7":{"start":{"line":13,"column":25},"end":{"line":13,"column":62}},"8":{"start":{"line":15,"column":15},"end":{"line":15,"column":31}},"9":{"start":{"line":30,"column":0},"end":{"line":44,"column":3}},"10":{"start":{"line":31,"column":2},"end":{"line":43,"column":3}},"11":{"start":{"line":32,"column":22},"end":{"line":32,"column":66}},"12":{"start":{"line":33,"column":4},"end":{"line":36,"column":5}},"13":{"start":{"line":34,"column":19},"end":{"line":34,"column":53}},"14":{"start":{"line":34,"column":45},"end":{"line":34,"column":52}},"15":{"start":{"line":35,"column":6},"end":{"line":35,"column":38}},"16":{"start":{"line":38,"column":17},"end":{"line":38,"column":46}},"17":{"start":{"line":39,"column":18},"end":{"line":39,"column":35}},"18":{"start":{"line":40,"column":4},"end":{"line":40,"column":49}},"19":{"start":{"line":42,"column":4},"end":{"line":42,"column":21}},"20":{"start":{"line":54,"column":0},"end":{"line":61,"column":3}},"21":{"start":{"line":55,"column":2},"end":{"line":60,"column":3}},"22":{"start":{"line":56,"column":18},"end":{"line":56,"column":38}},"23":{"start":{"line":57,"column":4},"end":{"line":57,"column":31}},"24":{"start":{"line":59,"column":4},"end":{"line":59,"column":21}},"25":{"start":{"line":71,"column":0},"end":{"line":78,"column":3}},"26":{"start":{"line":72,"column":2},"end":{"line":77,"column":3}},"27":{"start":{"line":73,"column":17},"end":{"line":73,"column":52}},"28":{"start":{"line":74,"column":4},"end":{"line":74,"column":30}},"29":{"start":{"line":76,"column":4},"end":{"line":76,"column":21}},"30":{"start":{"line":91,"column":0},"end":{"line":104,"column":3}},"31":{"start":{"line":92,"column":2},"end":{"line":103,"column":3}},"32":{"start":{"line":93,"column":22},"end":{"line":93,"column":69}},"33":{"start":{"line":94,"column":4},"end":{"line":97,"column":5}},"34":{"start":{"line":95,"column":19},"end":{"line":95,"column":53}},"35":{"start":{"line":95,"column":45},"end":{"line":95,"column":52}},"36":{"start":{"line":96,"column":6},"end":{"line":96,"column":38}},"37":{"start":{"line":99,"column":17},"end":{"line":99,"column":65}},"38":{"start":{"line":100,"column":4},"end":{"line":100,"column":30}},"39":{"start":{"line":102,"column":4},"end":{"line":102,"column":21}},"40":{"start":{"line":112,"column":0},"end":{"line":119,"column":3}},"41":{"start":{"line":113,"column":2},"end":{"line":118,"column":3}},"42":{"start":{"line":114,"column":4},"end":{"line":114,"column":43}},"43":{"start":{"line":115,"column":4},"end":{"line":115,"column":54}},"44":{"start":{"line":117,"column":4},"end":{"line":117,"column":21}},"45":{"start":{"line":122,"column":0},"end":{"line":122,"column":24}}},"fnMap":{"0":{"name":"(anonymous_0)","decl":{"start":{"line":30,"column":33},"end":{"line":30,"column":34}},"loc":{"start":{"line":30,"column":65},"end":{"line":44,"column":1}},"line":30},"1":{"name":"(anonymous_1)","decl":{"start":{"line":34,"column":40},"end":{"line":34,"column":41}},"loc":{"start":{"line":34,"column":45},"end":{"line":34,"column":52}},"line":34},"2":{"name":"(anonymous_2)","decl":{"start":{"line":54,"column":32},"end":{"line":54,"column":33}},"loc":{"start":{"line":54,"column":64},"end":{"line":61,"column":1}},"line":54},"3":{"name":"(anonymous_3)","decl":{"start":{"line":71,"column":41},"end":{"line":71,"column":42}},"loc":{"start":{"line":71,"column":73},"end":{"line":78,"column":1}},"line":71},"4":{"name":"(anonymous_4)","decl":{"start":{"line":91,"column":43},"end":{"line":91,"column":44}},"loc":{"start":{"line":91,"column":75},"end":{"line":104,"column":1}},"line":91},"5":{"name":"(anonymous_5)","decl":{"start":{"line":95,"column":40},"end":{"line":95,"column":41}},"loc":{"start":{"line":95,"column":45},"end":{"line":95,"column":52}},"line":95},"6":{"name":"(anonymous_6)","decl":{"start":{"line":112,"column":44},"end":{"line":112,"column":45}},"loc":{"start":{"line":112,"column":76},"end":{"line":119,"column":1}},"line":112}},"branchMap":{"0":{"loc":{"start":{"line":33,"column":4},"end":{"line":36,"column":5}},"type":"if","locations":[{"start":{"line":33,"column":4},"end":{"line":36,"column":5}},{"start":{},"end":{}}],"line":33},"1":{"loc":{"start":{"line":94,"column":4},"end":{"line":97,"column":5}},"type":"if","locations":[{"start":{"line":94,"column":4},"end":{"line":97,"column":5}},{"start":{},"end":{}}],"line":94}},"s":{"0":4,"1":4,"2":4,"3":4,"4":4,"5":4,"6":4,"7":4,"8":4,"9":4,"10":4,"11":4,"12":4,"13":2,"14":5,"15":2,"16":2,"17":2,"18":2,"19":2,"20":4,"21":2,"22":2,"23":1,"24":1,"25":4,"26":2,"27":2,"28":1,"29":1,"30":4,"31":4,"32":4,"33":4,"34":1,"35":1,"36":1,"37":3,"38":2,"39":2,"40":4,"41":2,"42":2,"43":1,"44":1,"45":4},"f":{"0":4,"1":5,"2":2,"3":2,"4":4,"5":1,"6":2},"b":{"0":[2,2],"1":[1,3]},"_coverageSchema":"1a1c01bbd47fc00a2c39e90264f33305004495a9","hash":"9bbdb3ffae4d7e73a51f6f4658e0f22583b987ab"}
}
